ts=2023-05-09T09:58:32.648Z caller=node_exporter.go:180 level=info msg="Starting node_exporter" version="(version=1.5.0, branch=HEAD, revision=1b48970ffcf5630534fb00bb0687d73c66d1c959)"
ts=2023-05-09T09:58:32.648Z caller=node_exporter.go:181 level=info msg="Build context" build_context="(go=go1.19.3, user=root@6e7732a7b81b, date=20221129-18:58:36)"
ts=2023-05-09T09:58:32.648Z caller=filesystem_common.go:111 level=info collector=filesystem msg="Parsed flag --collector.filesystem.mount-points-exclude" flag=^/(dev|proc|run/credentials/.+|sys|var/lib/docker/.+|var/lib/containers/storage/.+)($|/)
ts=2023-05-09T09:58:32.648Z caller=filesystem_common.go:113 level=info collector=filesystem msg="Parsed flag --collector.filesystem.fs-types-exclude" flag=^(autofs|binfmt_misc|bpf|cgroup2?|configfs|debugfs|devpts|devtmpfs|fusectl|hugetlbfs|iso9660|mqueue|nsfs|overlay|proc|procfs|pstore|rpc_pipefs|securityfs|selinuxfs|squashfs|sysfs|tracefs)$
ts=2023-05-09T09:58:32.649Z caller=diskstats_common.go:111 level=info collector=diskstats msg="Parsed flag --collector.diskstats.device-exclude" flag=^(ram|loop|fd|(h|s|v|xv)d[a-z]|nvme\d+n\d+p)\d+$
ts=2023-05-09T09:58:32.649Z caller=node_exporter.go:110 level=info msg="Enabled collectors"
ts=2023-05-09T09:58:32.649Z caller=node_exporter.go:117 level=info collector=arp
ts=2023-05-09T09:58:32.649Z caller=node_exporter.go:117 level=info collector=bcache
ts=2023-05-09T09:58:32.649Z caller=node_exporter.go:117 level=info collector=bonding
ts=2023-05-09T09:58:32.649Z caller=node_exporter.go:117 level=info collector=btrfs
ts=2023-05-09T09:58:32.649Z caller=node_exporter.go:117 level=info collector=conntrack
ts=2023-05-09T09:58:32.649Z caller=node_exporter.go:117 level=info collector=cpu
ts=2023-05-09T09:58:32.649Z caller=node_exporter.go:117 level=info collector=cpufreq
ts=2023-05-09T09:58:32.649Z caller=node_exporter.go:117 level=info collector=diskstats
ts=2023-05-09T09:58:32.649Z caller=node_exporter.go:117 level=info collector=dmi
ts=2023-05-09T09:58:32.649Z caller=node_exporter.go:117 level=info collector=edac
ts=2023-05-09T09:58:32.649Z caller=node_exporter.go:117 level=info collector=entropy
ts=2023-05-09T09:58:32.649Z caller=node_exporter.go:117 level=info collector=fibrechannel
ts=2023-05-09T09:58:32.649Z caller=node_exporter.go:117 level=info collector=filefd
ts=2023-05-09T09:58:32.649Z caller=node_exporter.go:117 level=info collector=filesystem
ts=2023-05-09T09:58:32.649Z caller=node_exporter.go:117 level=info collector=hwmon
ts=2023-05-09T09:58:32.649Z caller=node_exporter.go:117 level=info collector=infiniband
ts=2023-05-09T09:58:32.649Z caller=node_exporter.go:117 level=info collector=ipvs
ts=2023-05-09T09:58:32.649Z caller=node_exporter.go:117 level=info collector=loadavg
ts=2023-05-09T09:58:32.649Z caller=node_exporter.go:117 level=info collector=mdadm
ts=2023-05-09T09:58:32.649Z caller=node_exporter.go:117 level=info collector=meminfo
ts=2023-05-09T09:58:32.649Z caller=node_exporter.go:117 level=info collector=netclass
ts=2023-05-09T09:58:32.649Z caller=node_exporter.go:117 level=info collector=netdev
ts=2023-05-09T09:58:32.649Z caller=node_exporter.go:117 level=info collector=netstat
ts=2023-05-09T09:58:32.649Z caller=node_exporter.go:117 level=info collector=nfs
ts=2023-05-09T09:58:32.649Z caller=node_exporter.go:117 level=info collector=nfsd
ts=2023-05-09T09:58:32.649Z caller=node_exporter.go:117 level=info collector=nvme
ts=2023-05-09T09:58:32.650Z caller=node_exporter.go:117 level=info collector=os
ts=2023-05-09T09:58:32.650Z caller=node_exporter.go:117 level=info collector=powersupplyclass
ts=2023-05-09T09:58:32.650Z caller=node_exporter.go:117 level=info collector=pressure
ts=2023-05-09T09:58:32.650Z caller=node_exporter.go:117 level=info collector=rapl
ts=2023-05-09T09:58:32.650Z caller=node_exporter.go:117 level=info collector=schedstat
ts=2023-05-09T09:58:32.650Z caller=node_exporter.go:117 level=info collector=selinux
ts=2023-05-09T09:58:32.650Z caller=node_exporter.go:117 level=info collector=sockstat
ts=2023-05-09T09:58:32.650Z caller=node_exporter.go:117 level=info collector=softnet
ts=2023-05-09T09:58:32.650Z caller=node_exporter.go:117 level=info collector=stat
ts=2023-05-09T09:58:32.650Z caller=node_exporter.go:117 level=info collector=tapestats
ts=2023-05-09T09:58:32.650Z caller=node_exporter.go:117 level=info collector=textfile
ts=2023-05-09T09:58:32.650Z caller=node_exporter.go:117 level=info collector=thermal_zone
ts=2023-05-09T09:58:32.650Z caller=node_exporter.go:117 level=info collector=time
ts=2023-05-09T09:58:32.650Z caller=node_exporter.go:117 level=info collector=timex
ts=2023-05-09T09:58:32.650Z caller=node_exporter.go:117 level=info collector=udp_queues
ts=2023-05-09T09:58:32.650Z caller=node_exporter.go:117 level=info collector=uname
ts=2023-05-09T09:58:32.650Z caller=node_exporter.go:117 level=info collector=vmstat
ts=2023-05-09T09:58:32.650Z caller=node_exporter.go:117 level=info collector=xfs
ts=2023-05-09T09:58:32.650Z caller=node_exporter.go:117 level=info collector=zfs
ts=2023-05-09T09:58:32.650Z caller=tls_config.go:232 level=info msg="Listening on" address=[::]:9100
ts=2023-05-09T09:58:32.650Z caller=tls_config.go:235 level=info msg="TLS is disabled." http2=false address=[::]:9100
